Found 17 books
Saved book: I Had a Nice Time And Other Lies...: How to find love & sh*t like that
Saved book: Will You Won't You Want Me?
Saved book: Keep Me Posted
Saved book: Grey (Fifty Shades #4)
Saved book: Meternity
Saved book: Some Women
Saved book: Shopaholic Ties the Knot (Shopaholic #3)
Saved book: Can You Keep a Secret?
Saved book: Twenties Girl
Saved book: The Undomestic Goddess
Saved book: The Nanny Diaries (Nanny #1)
Saved book: The Devil Wears Prada (The Devil Wears Prada #1)
Saved book: Something Borrowed (Darcy & Rachel #1)
Saved book: Something Blue (Darcy & Rachel #2)
Saved book: I've Got Your Number
Saved book: The Edge of Reason (Bridget Jones #2)
Saved book: Bridget Jones's Diary (Bridget Jones #1)
Found 7 books
Saved book: Don't Be a Jerk: And Other Practical Advice from Dogen, Japan's Greatest Zen Master
Saved book: You Are What You Love: The Spiritual Power of Habit
Saved book: God: The Most Unpleasant Character in All Fiction
Saved book: The Book of Mormon
Saved book: A History of God: The 4,000-Year Quest of Judaism, Christianity, and Islam
Saved book: The Bhagavad Gita
Saved book: Choosing Our Religion: The Spiritual Lives of America's Nones
